[debug] [2019-11-05T19:04:32.299Z] ----------------------------------------------------------------------
[debug] [2019-11-05T19:04:32.317Z] Command:       C:\Program Files\nodejs\node.exe C:\Users\Ankit\AppData\Roaming\npm\node_modules\firebase-tools\lib\bin\firebase.js deploy
[debug] [2019-11-05T19:04:32.317Z] CLI Version:   7.6.1
[debug] [2019-11-05T19:04:32.317Z] Platform:      win32
[debug] [2019-11-05T19:04:32.317Z] Node Version:  v8.12.0
[debug] [2019-11-05T19:04:32.318Z] Time:          Wed Nov 06 2019 00:34:32 GMT+0530 (India Standard Time)
[debug] [2019-11-05T19:04:32.319Z] ----------------------------------------------------------------------
[debug] [2019-11-05T19:04:32.319Z] 
[debug] [2019-11-05T19:04:32.496Z] > command requires scopes: ["email","openid","https://www.googleapis.com/auth/cloudplatformprojects.readonly","https://www.googleapis.com/auth/firebase","https://www.googleapis.com/auth/cloud-platform"]
[debug] [2019-11-05T19:04:32.498Z] > authorizing via signed-in user
[debug] [2019-11-05T19:04:32.499Z] [iam] checking project spanion-todo for permissions ["cloudfunctions.functions.create","cloudfunctions.functions.delete","cloudfunctions.functions.get","cloudfunctions.functions.list","cloudfunctions.functions.update","cloudfunctions.operations.get","firebase.projects.get","firebasehosting.sites.update"]
[debug] [2019-11-05T19:04:32.506Z] > refreshing access token with scopes: ["email","https://www.googleapis.com/auth/cloud-platform","https://www.googleapis.com/auth/cloudplatformprojects.readonly","https://www.googleapis.com/auth/firebase","openid"]
[debug] [2019-11-05T19:04:32.507Z] >>> HTTP REQUEST POST https://www.googleapis.com/oauth2/v3/token  
 <request body omitted>
[debug] [2019-11-05T19:04:32.942Z] <<< HTTP RESPONSE 200
[debug] [2019-11-05T19:04:33.016Z] >>> HTTP REQUEST POST https://cloudresourcemanager.googleapis.com/v1/projects/spanion-todo:testIamPermissions  

[debug] [2019-11-05T19:04:34.817Z] <<< HTTP RESPONSE 200
[debug] [2019-11-05T19:04:34.821Z] >>> HTTP REQUEST GET https://firebase.googleapis.com/v1beta1/projects/spanion-todo  
 
[debug] [2019-11-05T19:04:35.347Z] <<< HTTP RESPONSE 200
[info] 
[info] === Deploying to 'spanion-todo'...
[info] 
[info] i  deploying functions, hosting
[info] Running command: npm --prefix "$RESOURCE_DIR" run lint
[info] +  functions: Finished running predeploy script.
[debug] [2019-11-05T19:05:01.908Z] > [functions] package.json contents: {
  "name": "functions",
  "description": "Cloud Functions for Firebase",
  "scripts": {
    "lint": "eslint .",
    "serve": "firebase serve --only functions",
    "shell": "firebase functions:shell",
    "start": "npm run shell",
    "deploy": "firebase deploy --only functions",
    "logs": "firebase functions:log"
  },
  "engines": {
    "node": "8"
  },
  "dependencies": {
    "firebase-admin": "^8.6.0",
    "firebase-functions": "^3.3.0"
  },
  "devDependencies": {
    "eslint": "^5.12.0",
    "eslint-plugin-promise": "^4.0.1",
    "firebase-functions-test": "^0.1.6"
  },
  "private": true
}
[info] i  functions: ensuring necessary APIs are enabled...
[debug] [2019-11-05T19:05:01.944Z] >>> HTTP REQUEST GET https://serviceusage.googleapis.com/v1/projects/spanion-todo/services/cloudfunctions.googleapis.com  
 
[debug] [2019-11-05T19:05:01.945Z] >>> HTTP REQUEST GET https://serviceusage.googleapis.com/v1/projects/spanion-todo/services/runtimeconfig.googleapis.com  
 
[debug] [2019-11-05T19:05:03.881Z] <<< HTTP RESPONSE 200
[debug] [2019-11-05T19:05:03.967Z] <<< HTTP RESPONSE 200
[info] +  functions: all necessary APIs are enabled
[debug] [2019-11-05T19:05:03.970Z] >>> HTTP REQUEST GET https://firebase.googleapis.com/v1beta1/projects/spanion-todo/adminSdkConfig  
 
